<?xml version="1.0" encoding="UTF-8"?>
<coverage generated="1686679798545" clover="3.2.0">
  <project timestamp="1686679798545" name="All files">
    <metrics statements="19" coveredstatements="19" conditionals="6" coveredconditionals="6" methods="9" coveredmethods="9" elements="34" coveredelements="34" complexity="0" loc="19" ncloc="19" packages="1" files="4" classes="4"/>
    <file name="calculator.js" path="C:\Users\OT SAMA\Desktop\microverse\module 2\testJs\js\calculator.js">
      <metrics statements="11" coveredstatements="11" conditionals="2" coveredconditionals="2" methods="6" coveredmethods="6"/>
      <line num="3" count="5" type="stmt"/>
      <line num="4" count="5" type="stmt"/>
      <line num="8" count="5" type="stmt"/>
      <line num="9" count="5" type="stmt"/>
      <line num="13" count="1" type="stmt"/>
      <line num="17" count="1" type="stmt"/>
      <line num="21" count="2" type="cond" truecount="2" falsecount="0"/>
      <line num="22" count="1" type="stmt"/>
      <line num="24" count="1" type="stmt"/>
      <line num="28" count="1" type="stmt"/>
      <line num="32" count="1" type="stmt"/>
    </file>
    <file name="capitalize.js" path="C:\Users\OT SAMA\Desktop\microverse\module 2\testJs\js\capitalize.js">
      <metrics statements="2" coveredstatements="2" conditionals="0" coveredconditionals="0" methods="1" coveredmethods="1"/>
      <line num="2" count="1" type="stmt"/>
      <line num="5" count="1" type="stmt"/>
    </file>
    <file name="revers.js" path="C:\Users\OT SAMA\Desktop\microverse\module 2\testJs\js\revers.js">
      <metrics statements="2" coveredstatements="2" conditionals="0" coveredconditionals="0" methods="1" coveredmethods="1"/>
      <line num="2" count="1" type="stmt"/>
      <line num="5" count="1" type="stmt"/>
    </file>
    <file name="strings.js" path="C:\Users\OT SAMA\Desktop\microverse\module 2\testJs\js\strings.js">
      <metrics statements="4" coveredstatements="4" conditionals="4" coveredconditionals="4" methods="1" coveredmethods="1"/>
      <line num="2" count="4" type="cond" truecount="4" falsecount="0"/>
      <line num="3" count="2" type="stmt"/>
      <line num="5" count="2" type="stmt"/>
      <line num="8" count="1" type="stmt"/>
    </file>
  </project>
</coverage>
